[    0.000000] Linux version 4.15.0-212-generic (buildd@lcy02-amd64-083) (gcc version 7.5.0 (Ubuntu 7.5.0-3ubuntu1~18.04)) #223-Ubuntu SMP Tue May 23 13:09:22 UTC 2023 (Ubuntu 4.15.0-212.223-generic 4.15.18)
[    0.000000] Command line: BOOT_IMAGE=/boot/vmlinuz-4.15.0-212-generic root=LABEL=cloudimg-rootfs ro console=tty1 console=ttyS0
[    0.000000] KERNEL supported cpus:
[    0.000000]   Intel GenuineIntel
[    0.000000]   AMD AuthenticAMD
[    0.000000]   Centaur CentaurHauls
[    0.000000] x86/fpu: Supporting XSAVE feature 0x001: 'x87 floating point registers'
[    0.000000] x86/fpu: Supporting XSAVE feature 0x002: 'SSE registers'
[    0.000000] x86/fpu: Supporting XSAVE feature 0x004: 'AVX registers'
[    0.000000] x86/fpu: xstate_offset[2]:  576, xstate_sizes[2]:  256
[    0.000000] x86/fpu: Enabled xstate features 0x7, context size is 832 bytes, using 'standard' format.
[    0.000000] e820: BIOS-provided physical RAM map:
[    0.000000] BIOS-e820: [mem 0x0000000000000000-0x000000000009fbff] usable
[    0.000000] BIOS-e820: [mem 0x000000000009fc00-0x000000000009ffff] reserved
[    0.000000] BIOS-e820: [mem 0x00000000000f0000-0x00000000000fffff] reserved
[    0.000000] BIOS-e820: [mem 0x0000000000100000-0x000000001ffeffff] usable
[    0.000000] BIOS-e820: [mem 0x000000001fff0000-0x000000001fffffff] ACPI data
[    0.000000] BIOS-e820: [mem 0x00000000fec00000-0x00000000fec00fff] reserved
[    0.000000] BIOS-e820: [mem 0x00000000fee00000-0x00000000fee00fff] reserved
[    0.000000] BIOS-e820: [mem 0x00000000fffc0000-0x00000000ffffffff] reserved
[    0.000000] NX (Execute Disable) protection: active
[    0.000000] SMBIOS 2.5 present.
[    0.000000] DMI: innotek GmbH VirtualBox/VirtualBox, BIOS VirtualBox 12/01/2006
[    0.000000] Hypervisor detected: KVM
[    0.000000] e820: last_pfn = 0x1fff0 max_arch_pfn = 0x400000000
[    0.000000] MTRR: Disabled
[    0.000000] x86/PAT: MTRRs disabled, skipping PAT initialization too.
[    0.000000] CPU MTRRs all blank - virtualized system.
[    0.000000] x86/PAT: Configuration [0-7]: WB  WT  UC- UC  WB  WT  UC- UC  
[    0.000000] found SMP MP-table at [mem 0x0009fff0-0x0009ffff]
[    0.000000] Scanning 1 areas for low memory corruption
[    0.000000] RAMDISK: [mem 0x1db01000-0x1ee12fff]
[    0.000000] ACPI: Early table checksum verification disabled
[    0.000000] ACPI: RSDP 0x00000000000E0000 000024 (v02 VBOX  )
[    0.000000] ACPI: XSDT 0x000000001FFF0030 00003C (v01 VBOX   VBOXXSDT 00000001 ASL  00000061)
[    0.000000] ACPI: FACP 0x000000001FFF00F0 0000F4 (v04 VBOX   VBOXFACP 00000001 ASL  00000061)
[    0.000000] ACPI: DSDT 0x000000001FFF0470 002325 (v02 VBOX   VBOXBIOS 00000002 INTL 20100528)
[    0.000000] ACPI: FACS 0x000000001FFF0200 000040
[    0.000000] ACPI: FACS 0x000000001FFF0200 000040
[    0.000000] ACPI: APIC 0x000000001FFF0240 000054 (v02 VBOX   VBOXAPIC 00000001 ASL  00000061)
[    0.000000] ACPI: SSDT 0x000000001FFF02A0 0001CC (v01 VBOX   VBOXCPUT 00000002 INTL 20100528)
[    0.000000] ACPI: Reserving FACP table memory at [mem 0x1fff00f0-0x1fff01e3]
[    0.000000] ACPI: Reserving DSDT table memory at [mem 0x1fff0470-0x1fff2794]
[    0.000000] ACPI: Reserving FACS table memory at [mem 0x1fff0200-0x1fff023f]
[    0.000000] ACPI: Reserving FACS table memory at [mem 0x1fff0200-0x1fff023f]
[    0.000000] ACPI: Reserving APIC table memory at [mem 0x1fff0240-0x1fff0293]
[    0.000000] ACPI: Reserving SSDT table memory at [mem 0x1fff02a0-0x1fff046b]
[    0.000000] No NUMA configuration found
[    0.000000] Faking a node at [mem 0x0000000000000000-0x000000001ffeffff]
[    0.000000] NODE_DATA(0) allocated [mem 0x1ffc5000-0x1ffeffff]
[    0.000000] kvm-clock: cpu 0, msr 0:1ff44001, primary cpu clock
[    0.000000] kvm-clock: Using msrs 4b564d01 and 4b564d00
[    0.000000] kvm-clock: using sched offset of 4258689948 cycles
[    0.000000] clocksource: kvm-clock: mask: 0xffffffffffffffff max_cycles: 0x1cd42e4dffb, max_idle_ns: 881590591483 ns
[    0.000000] Zone ranges:
[    0.000000]   DMA      [mem 0x0000000000001000-0x0000000000ffffff]
[    0.000000]   DMA32    [mem 0x0000000001000000-0x000000001ffeffff]
[    0.000000]   Normal   empty
[    0.000000]   Device   empty
[    0.000000] Movable zone start for each node
[    0.000000] Early memory node ranges
[    0.000000]   node   0: [mem 0x0000000000001000-0x000000000009efff]
[    0.000000]   node   0: [mem 0x0000000000100000-0x000000001ffeffff]
[    0.000000] Reserved but unavailable: 104 pages
[    0.000000] Initmem setup node 0 [mem 0x0000000000001000-0x000000001ffeffff]
[    0.000000] ACPI: PM-Timer IO Port: 0x4008
[    0.000000] IOAPIC[0]: apic_id 1, version 32, address 0xfec00000, GSI 0-23
[    0.000000] ACPI: INT_SRC_OVR (bus 0 bus_irq 0 global_irq 2 dfl dfl)
[    0.000000] ACPI: INT_SRC_OVR (bus 0 bus_irq 9 global_irq 9 low level)
[    0.000000] Using ACPI (MADT) for SMP configuration information
[    0.000000] smpboot: Allowing 1 CPUs, 0 hotplug CPUs
[    0.000000] PM: Registered nosave memory: [mem 0x00000000-0x00000fff]
[    0.000000] PM: Registered nosave memory: [mem 0x0009f000-0x0009ffff]
[    0.000000] PM: Registered nosave memory: [mem 0x000a0000-0x000effff]
[    0.000000] PM: Registered nosave memory: [mem 0x000f0000-0x000fffff]
[    0.000000] e820: [mem 0x20000000-0xfebfffff] available for PCI devices
[    0.000000] Booting paravirtualized kernel on KVM
[    0.000000] clocksource: refined-jiffies: mask: 0xffffffff max_cycles: 0xffffffff, max_idle_ns: 7645519600211568 ns
[    0.000000] setup_percpu: NR_CPUS:8192 nr_cpumask_bits:1 nr_cpu_ids:1 nr_node_ids:1
[    0.000000] percpu: Embedded 50 pages/cpu s167936 r8192 d28672 u2097152
[    0.000000] PV qspinlock hash table entries: 256 (order: 0, 4096 bytes)
[    0.000000] Built 1 zonelists, mobility grouping on.  Total pages: 128889
[    0.000000] Policy zone: DMA32
[    0.000000] Kernel command line: BOOT_IMAGE=/boot/vmlinuz-4.15.0-212-generic root=LABEL=cloudimg-rootfs ro console=tty1 console=ttyS0
[    0.000000] Memory: 466748K/523832K available (12300K kernel code, 2477K rwdata, 4324K rodata, 2480K init, 2720K bss, 57084K reserved, 0K cma-reserved)
[    0.000000] SLUB: HWalign=64, Order=0-3, MinObjects=0, CPUs=1, Nodes=1
[    0.000000] ftrace: allocating 39508 entries in 155 pages
[    0.004000] Hierarchical RCU implementation.
[    0.004000] 	RCU restricting CPUs from NR_CPUS=8192 to nr_cpu_ids=1.
[    0.004000] 	Tasks RCU enabled.
[    0.004000] RCU: Adjusting geometry for rcu_fanout_leaf=16, nr_cpu_ids=1
[    0.004000] NR_IRQS: 524544, nr_irqs: 256, preallocated irqs: 16
[    0.004000] random: crng init done
[    0.004000] Console: colour VGA+ 80x25
[    0.004000] console [tty1] enabled
[    0.004000] console [ttyS0] enabled
[    0.004000] ACPI: Core revision 20170831
[    0.004000] ACPI: 2 ACPI AML tables successfully acquired and loaded
[    0.004000] APIC: Switch to symmetric I/O mode setup
[    0.004000] x2apic enabled
[    0.004000] Switched APIC routing to physical x2apic.
[    0.007425] ..TIMER: vector=0x30 apic1=0 pin1=2 apic2=-1 pin2=-1
[    0.008003] tsc: Detected 2419.202 MHz processor
[    0.012006] Calibrating delay loop (skipped) preset value.. 4838.40 BogoMIPS (lpj=9676808)
[    0.016005] pid_max: default: 32768 minimum: 301
[    0.018327] Security Framework initialized
[    0.020005] Yama: becoming mindful.
[    0.021774] AppArmor: AppArmor initialized
[    0.024126] Dentry cache hash table entries: 65536 (order: 7, 524288 bytes)
[    0.027343] Inode-cache hash table entries: 32768 (order: 6, 262144 bytes)
[    0.028015] Mount-cache hash table entries: 1024 (order: 1, 8192 bytes)
[    0.032016] Mountpoint-cache hash table entries: 1024 (order: 1, 8192 bytes)
[    0.036790] process: using mwait in idle threads
[    0.040022] Last level iTLB entries: 4KB 0, 2MB 0, 4MB 0
[    0.042569] Last level dTLB entries: 4KB 0, 2MB 0, 4MB 0, 1GB 0
[    0.044011] Spectre V1 : Mitigation: usercopy/swapgs barriers and __user pointer sanitization
[    0.048004] Spectre V2 : Mitigation: Retpolines
[    0.052006] Spectre V2 : Spectre v2 / SpectreRSB mitigation: Filling RSB on context switch
[    0.055723] Spectre V2 : Spectre v2 / SpectreRSB : Filling RSB on VMEXIT
[    0.056005] Speculative Store Bypass: Vulnerable
[    0.076526] Freeing SMP alternatives memory: 36K
[    0.190257] smpboot: CPU0: 13th Gen Intel(R) Core(TM) i9-13980HX (family: 0x6, model: 0xb7, stepping: 0x1)
[    0.192077] Performance Events: unsupported p6 CPU model 183 no PMU driver, software events only.
[    0.196000] Hierarchical SRCU implementation.
[    0.196777] NMI watchdog: Perf event create on CPU 0 failed with -2
[    0.200004] NMI watchdog: Perf NMI watchdog permanently disabled
[    0.204064] smp: Bringing up secondary CPUs ...
[    0.206108] smp: Brought up 1 node, 1 CPU
[    0.208003] smpboot: Max logical packages: 1
[    0.209970] smpboot: Total of 1 processors activated (4838.40 BogoMIPS)
[    0.212145] devtmpfs: initialized
[    0.213779] x86/mm: Memory block size: 128MB
[    0.216169] evm: security.selinux
[    0.217739] evm: security.SMACK64
[    0.220004] evm: security.SMACK64EXEC
[    0.221838] evm: security.SMACK64TRANSMUTE
[    0.224008] evm: security.SMACK64MMAP
[    0.225697] evm: security.apparmor
[    0.228002] evm: security.ima
[    0.229459] evm: security.capability
[    0.231400] clocksource: jiffies: mask: 0xffffffff max_cycles: 0xffffffff, max_idle_ns: 7645041785100000 ns
[    0.232017] futex hash table entries: 256 (order: 2, 16384 bytes)
[    0.236063] pinctrl core: initialized pinctrl subsystem
[    0.240199] RTC time: 18:06:05, date: 10/28/24
[    0.242336] NET: Registered protocol family 16
[    0.244122] audit: initializing netlink subsys (disabled)
[    0.246696] cpuidle: using governor ladder
[    0.248005] cpuidle: using governor menu
[    0.252021] audit: type=2000 audit(1730138771.421:1): state=initialized audit_enabled=0 res=1
[    0.255804] ACPI: bus type PCI registered
[    0.256007] acpiphp: ACPI Hot Plug PCI Controller Driver version: 0.5
[    0.258188] PCI: Using configuration type 1 for base access
[    0.261450] HugeTLB registered 2.00 MiB page size, pre-allocated 0 pages
[    0.264301] ACPI: Added _OSI(Module Device)
[    0.268006] ACPI: Added _OSI(Processor Device)
[    0.269907] ACPI: Added _OSI(3.0 _SCP Extensions)
[    0.271394] ACPI: Added _OSI(Processor Aggregator Device)
[    0.272021] ACPI: Added _OSI(Linux-Dell-Video)
[    0.274222] ACPI: Added _OSI(Linux-Lenovo-NV-HDMI-Audio)
[    0.276057] ACPI: Added _OSI(Linux-HPI-Hybrid-Graphics)
[    0.280657] ACPI: Executed 1 blocks of module-level executable AML code
[    0.290112] ACPI: Interpreter enabled
[    0.291836] ACPI: (supports S0 S5)
[    0.292005] ACPI: Using IOAPIC for interrupt routing
[    0.294622] PCI: Using host bridge windows from ACPI; if necessary, use "pci=nocrs" and report a bug
[    0.296310] ACPI: Enabled 2 GPEs in block 00 to 07
[    0.310836] ACPI: PCI Root Bridge [PCI0] (domain 0000 [bus 00-ff])
[    0.312006] acpi PNP0A03:00: _OSC: OS supports [ASPM ClockPM Segments MSI]
[    0.314097] acpi PNP0A03:00: _OSC: not requesting OS control; OS requires [ExtendedConfig ASPM ClockPM MSI]
[    0.316028] acpi PNP0A03:00: fail to add MMCONFIG information, can't access extended PCI configuration space under this bridge.
[    0.320864] PCI host bridge to bus 0000:00
[    0.324010] pci_bus 0000:00: root bus resource [io  0x0000-0x0cf7 window]
[    0.328005] pci_bus 0000:00: root bus resource [io  0x0d00-0xffff window]
[    0.331208] pci_bus 0000:00: root bus resource [mem 0x000a0000-0x000bffff window]
[    0.332023] pci_bus 0000:00: root bus resource [mem 0x20000000-0xfdffffff window]
[    0.336006] pci_bus 0000:00: root bus resource [bus 00-ff]
[    0.347710] pci 0000:00:01.1: legacy IDE quirk: reg 0x10: [io  0x01f0-0x01f7]
[    0.348005] pci 0000:00:01.1: legacy IDE quirk: reg 0x14: [io  0x03f6]
[    0.352014] pci 0000:00:01.1: legacy IDE quirk: reg 0x18: [io  0x0170-0x0177]
[    0.356004] pci 0000:00:01.1: legacy IDE quirk: reg 0x1c: [io  0x0376]
[    0.377975] pci 0000:00:07.0: quirk: [io  0x4000-0x403f] claimed by PIIX4 ACPI
[    0.380031] pci 0000:00:07.0: quirk: [io  0x4100-0x410f] claimed by PIIX4 SMB
[    0.395403] ACPI: PCI Interrupt Link [LNKA] (IRQs 5 9 10 *11)
[    0.396613] ACPI: PCI Interrupt Link [LNKB] (IRQs 5 9 *10 11)
[    0.400265] ACPI: PCI Interrupt Link [LNKC] (IRQs 5 *9 10 11)
[    0.404183] ACPI: PCI Interrupt Link [LNKD] (IRQs 5 9 10 *11)
[    0.408467] SCSI subsystem initialized
[    0.410459] pci 0000:00:02.0: vgaarb: setting as boot VGA device
[    0.412000] pci 0000:00:02.0: vgaarb: VGA device added: decodes=io+mem,owns=io+mem,locks=none
[    0.412007] pci 0000:00:02.0: vgaarb: bridge control possible
[    0.416003] vgaarb: loaded
[    0.417353] ACPI: bus type USB registered
[    0.420027] usbcore: registered new interface driver usbfs
[    0.422440] usbcore: registered new interface driver hub
[    0.424012] usbcore: registered new device driver usb
[    0.428082] EDAC MC: Ver: 3.0.0
[    0.430213] PCI: Using ACPI for IRQ routing
[    0.432569] NetLabel: Initializing
[    0.433713] NetLabel:  domain hash size = 128
[    0.436005] NetLabel:  protocols = UNLABELED CIPSOv4 CALIPSO
[    0.438568] NetLabel:  unlabeled traffic allowed by default
[    0.440213] clocksource: Switched to clocksource kvm-clock
[    0.458467] VFS: Disk quotas dquot_6.6.0
[    0.460323] VFS: Dquot-cache hash table entries: 512 (order 0, 4096 bytes)
[    0.463842] AppArmor: AppArmor Filesystem Enabled
[    0.466265] pnp: PnP ACPI init
[    0.470026] pnp: PnP ACPI: found 3 devices
[    0.480194] clocksource: acpi_pm: mask: 0xffffff max_cycles: 0xffffff, max_idle_ns: 2085701024 ns
[    0.484183] NET: Registered protocol family 2
[    0.486460] IP idents hash table entries: 8192 (order: 4, 65536 bytes)
[    0.490223] TCP established hash table entries: 4096 (order: 3, 32768 bytes)
[    0.493467] TCP bind hash table entries: 4096 (order: 4, 65536 bytes)
[    0.496848] TCP: Hash tables configured (established 4096 bind 4096)
[    0.499779] UDP hash table entries: 256 (order: 1, 8192 bytes)
[    0.502519] UDP-Lite hash table entries: 256 (order: 1, 8192 bytes)
[    0.505394] NET: Registered protocol family 1
[    0.507566] pci 0000:00:00.0: Limiting direct PCI/PCI transfers
[    0.510435] pci 0000:00:01.0: Activating ISA DMA hang workarounds
[    0.513488] pci 0000:00:02.0: Video device with shadowed ROM at [mem 0x000c0000-0x000dffff]
[    0.517668] Unpacking initramfs...
[    1.020130] Freeing initrd memory: 19528K
[    1.022391] clocksource: tsc: mask: 0xffffffffffffffff max_cycles: 0x22df12c5959, max_idle_ns: 440795242016 ns
[    1.027192] platform rtc_cmos: registered platform RTC device (no PNP device found)
[    1.030657] Scanning for low memory corruption every 60 seconds
[    1.033999] Initialise system trusted keyrings
[    1.036122] Key type blacklist registered
[    1.038198] workingset: timestamp_bits=36 max_order=17 bucket_order=0
[    1.042324] zbud: loaded
[    1.044536] squashfs: version 4.0 (2009/01/31) Phillip Lougher
[    1.047337] fuse init (API version 7.26)
[    1.050894] Key type asymmetric registered
[    1.052830] Asymmetric key parser 'x509' registered
[    1.055363] Block layer SCSI generic (bsg) driver version 0.4 loaded (major 246)
[    1.058932] io scheduler noop registered
[    1.060804] io scheduler deadline registered
[    1.062966] io scheduler cfq registered (default)
[    1.065496] ACPI: AC Adapter [AC] (on-line)
[    1.067606] input: Power Button as /devices/LNXSYSTM:00/LNXPWRBN:00/input/input0
[    1.070999] ACPI: Power Button [PWRF]
[    1.073113] input: Sleep Button as /devices/LNXSYSTM:00/LNXSLPBN:00/input/input1
[    1.076563] ACPI: Sleep Button [SLPF]
[    1.080215] Serial: 8250/16550 driver, 32 ports, IRQ sharing enabled
[    1.105362] ACPI: Battery Slot [BAT0] (battery present)
[    1.108386] 00:02: ttyS0 at I/O 0x3f8 (irq = 4, base_baud = 115200) is a 16550A
[    1.114023] Linux agpgart interface v0.103
[    1.117582] loop: module loaded
[    1.120108] scsi host0: ata_piix
[    1.121782] scsi host1: ata_piix
[    1.123488] ata1: PATA max UDMA/33 cmd 0x1f0 ctl 0x3f6 bmdma 0xd000 irq 14
[    1.126701] ata2: PATA max UDMA/33 cmd 0x170 ctl 0x376 bmdma 0xd008 irq 15
[    1.131072] tun: Universal TUN/TAP device driver, 1.6
[    1.133545] PPP generic driver version 2.4.2
[    1.135607] ehci_hcd: USB 2.0 'Enhanced' Host Controller (EHCI) Driver
[    1.138602] ehci-pci: EHCI PCI platform driver
[    1.140733] ehci-platform: EHCI generic platform driver
[    1.143224] ohci_hcd: USB 1.1 'Open' Host Controller (OHCI) Driver
[    1.146080] ohci-pci: OHCI PCI platform driver
[    1.148442] ohci-platform: OHCI generic platform driver
[    1.150863] uhci_hcd: USB Universal Host Controller Interface driver
[    1.154130] i8042: PNP: PS/2 Controller [PNP0303:PS2K,PNP0f03:PS2M] at 0x60,0x64 irq 1,12
[    1.158972] serio: i8042 KBD port at 0x60,0x64 irq 1
[    1.161604] serio: i8042 AUX port at 0x60,0x64 irq 12
[    1.164134] mousedev: PS/2 mouse device common for all mice
[    1.167239] input: AT Translated Set 2 keyboard as /devices/platform/i8042/serio0/input/input2
[    1.171909] rtc_cmos rtc_cmos: rtc core: registered rtc_cmos as rtc0
[    1.175426] rtc_cmos rtc_cmos: alarms up to one day, 114 bytes nvram
[    1.178366] i2c /dev entries driver
[    1.180267] device-mapper: uevent: version 1.0.3
[    1.182467] device-mapper: ioctl: 4.37.0-ioctl (2017-09-20) initialised: dm-devel@redhat.com
[    1.186251] ledtrig-cpu: registered to indicate activity on CPUs
[    1.189302] NET: Registered protocol family 10
[    1.195761] Segment Routing with IPv6
[    1.197643] NET: Registered protocol family 17
[    1.199828] Key type dns_resolver registered
[    1.202082] mce: Using 0 MCE banks
[    1.203843] RAS: Correctable Errors collector initialized.
[    1.206524] sched_clock: Marking stable (1206473657, 0)->(1553094790, -346621133)
[    1.210230] registered taskstats version 1
[    1.212224] Loading compiled-in X.509 certificates
[    1.217543] Loaded X.509 cert 'Build time autogenerated kernel key: b5b26778eaa3ab3a4a6cee031137706e947d12ad'
[    1.223040] Loaded X.509 cert 'Canonical Ltd. Live Patch Signing: 14df34d1a87cf37625abec039ef2bf521249b969'
[    1.228564] Loaded X.509 cert 'Canonical Ltd. Kernel Module Signing: 88f752e560a1e0737e31163a466ad7b70a850c19'
[    1.233148] blacklist: Loading compiled-in revocation X.509 certificates
[    1.236425] Loaded X.509 cert 'Canonical Ltd. Secure Boot Signing: 61482aa2830d0ab2ad5af10b7250da9033ddcef0'
[    1.240888] Loaded X.509 cert 'Canonical Ltd. Secure Boot Signing (2017): 242ade75ac4a15e50d50c84b0d45ff3eae707a03'
[    1.245539] Loaded X.509 cert 'Canonical Ltd. Secure Boot Signing (ESM 2018): 365188c1d374d6b07c3c8f240f8ef722433d6a8b'
[    1.250429] Loaded X.509 cert 'Canonical Ltd. Secure Boot Signing (2019): c0746fd6c5da3ae827864651ad66ae47fe24b3e8'
[    1.255349] Loaded X.509 cert 'Canonical Ltd. Secure Boot Signing (2021 v1): a8d54bbb3825cfb94fa13c9f8a594a195c107b8d'
[    1.260333] Loaded X.509 cert 'Canonical Ltd. Secure Boot Signing (2021 v2): 4cf046892d6fd3c9a5b03f98d845f90851dc6a8c'
[    1.265463] Loaded X.509 cert 'Canonical Ltd. Secure Boot Signing (2021 v3): 100437bb6de6e469b581e61cd66bce3ef4ed53af'
[    1.270351] Loaded X.509 cert 'Canonical Ltd. Secure Boot Signing (Ubuntu Core 2019): c1d57b8f6b743f23ee41f4f7ee292f06eecadfb9'
[    1.275584] zswap: loaded using pool lzo/zbud
[    1.281790] Key type big_key registered
[    1.283662] Key type trusted registered
[    1.287354] Key type encrypted registered
[    1.321135] AppArmor: AppArmor sha1 policy hashing enabled
[    1.323679] ima: No TPM chip found, activating TPM-bypass! (rc=-19)
[    1.326602] ima: Allocated hash algorithm: sha1
[    1.328908] evm: HMAC attrs: 0x1
[    1.331002]   Magic number: 12:105:141
[    1.333039] rtc_cmos rtc_cmos: setting system clock to 2024-10-28 18:06:06 UTC (1730138766)
[    1.336936] BIOS EDD facility v0.16 2004-Jun-25, 0 devices found
[    1.339775] EDD information not available.
[    1.346447] Freeing unused kernel image memory: 2480K
[    1.356237] Write protecting the kernel read-only data: 20480k
[    1.359736] Freeing unused kernel image memory: 2008K
[    1.362662] Freeing unused kernel image memory: 1820K
[    1.376410] x86/mm: Checked W+X mappings: passed, no W+X pages found.
Loading, please wait...
starting version 237
[    1.529364] Fusion MPT base driver 3.04.20
[    1.531336] Copyright (c) 1999-2008 LSI Corporation
[    1.534501] e1000: Intel(R) PRO/1000 Network Driver - version 7.3.21-k8-NAPI
[    1.537792] e1000: Copyright (c) 1999-2006 Intel Corporation.
[    1.591540] AVX2 version of gcm_enc/dec engaged.
[    1.594078] AES CTR mode by8 optimization enabled
[    1.607025] Fusion MPT SPI Host driver 3.04.20
[    1.759562] input: ImExPS/2 Generic Explorer Mouse as /devices/platform/i8042/serio1/input/input4
[    2.103280] e1000 0000:00:03.0 eth0: (PCI:33MHz:32-bit) 02:3b:7b:b7:3b:2d
[    2.106555] e1000 0000:00:03.0 eth0: Intel(R) PRO/1000 Network Connection
[    2.111341] mptbase: ioc0: Initiating bringup
[    2.208678] ioc0: LSI53C1030 A0: Capabilities={Initiator}
[    2.450531] scsi host2: ioc0: LSI53C1030 A0, FwRev=00000000h, Ports=1, MaxQ=256, IRQ=20
[    2.620506] scsi 2:0:0:0: Direct-Access     VBOX     HARDDISK         1.0  PQ: 0 ANSI: 5
[    2.624164] scsi target2:0:0: Beginning Domain Validation
[    2.631143] scsi target2:0:0: Domain Validation skipping write tests
[    2.634045] scsi target2:0:0: Ending Domain Validation
[    2.636650] scsi target2:0:0: asynchronous
[    2.639217] scsi 2:0:1:0: Direct-Access     VBOX     HARDDISK         1.0  PQ: 0 ANSI: 5
[    2.644020] scsi target2:0:1: Beginning Domain Validation
[    2.648428] scsi target2:0:1: Domain Validation skipping write tests
[    2.650838] scsi target2:0:1: Ending Domain Validation
[    2.653297] scsi target2:0:1: asynchronous
[    2.661561] sd 2:0:0:0: [sda] 83886080 512-byte logical blocks: (42.9 GB/40.0 GiB)
[    2.671264] sd 2:0:0:0: Attached scsi generic sg0 type 0
[    2.674254] sd 2:0:0:0: [sda] Write Protect is off
[    2.683106] sd 2:0:1:0: [sdb] 20480 512-byte logical blocks: (10.5 MB/10.0 MiB)
[    2.686674] sd 2:0:1:0: Attached scsi generic sg1 type 0
[    2.689468] sd 2:0:1:0: [sdb] Write Protect is off
[    2.691739] sd 2:0:0:0: [sda] Incomplete mode parameter data
[    2.694428] sd 2:0:0:0: [sda] Assuming drive cache: write through
[    2.697477] sd 2:0:1:0: [sdb] Incomplete mode parameter data
[    2.700088] sd 2:0:1:0: [sdb] Assuming drive cache: write through
[    2.710865]  sda: sda1
[    2.713288] sd 2:0:1:0: [sdb] Attached SCSI disk
[    2.716699] sd 2:0:0:0: [sda] Attached SCSI disk
[    3.179397] e1000 0000:00:08.0 eth1: (PCI:33MHz:32-bit) 08:00:27:c0:d4:ee
[    3.182654] e1000 0000:00:08.0 eth1: Intel(R) PRO/1000 Network Connection
[    3.187821] e1000 0000:00:08.0 enp0s8: renamed from eth1
[    3.198679] e1000 0000:00:03.0 enp0s3: renamed from eth0
Begin: Loading essential drivers ... [    5.182517] raid6: sse2x1   gen()  6586 MB/s
[    5.243329] raid6: sse2x1   xor()  3595 MB/s
[    5.292082] raid6: sse2x2   gen()  7148 MB/s
[    5.345999] raid6: sse2x2   xor()  4816 MB/s
[    5.411731] raid6: sse2x4   gen() 10789 MB/s
[    5.468374] raid6: sse2x4   xor()  4315 MB/s
[    5.532437] raid6: avx2x1   gen()  7617 MB/s
[    5.580246] raid6: avx2x1   xor()  4363 MB/s
[    5.644364] raid6: avx2x2   gen()  9146 MB/s
[    5.712301] raid6: avx2x2   xor()  5898 MB/s
[    5.766585] raid6: avx2x4   gen()  9066 MB/s
[    5.827183] raid6: avx2x4   xor()  4433 MB/s
[    5.829313] raid6: using algorithm sse2x4 gen() 10789 MB/s
[    5.831981] raid6: .... xor() 4315 MB/s, rmw enabled
[    5.834441] raid6: using avx2x2 recovery algorithm
[    5.839254] xor: automatically using best checksumming function   avx       
[    5.844494] async_tx: api initialized (async)
done.
Begin: Running /scripts/init-premount ... done.
Begin: Mounting root file system ... Begin: Running /scripts/local-top ... done.
Begin: Running /scripts/local-premount ... [    5.929824] Btrfs loaded, crc32c=crc32c-intel
Scanning for Btrfs filesystems
done.
Warning: fsck not present, so skipping root file system
[    5.970110] EXT4-fs (sda1): mounted filesystem with ordered data mode. Opts: (null)
done.
Begin: Running /scripts/local-bottom ... done.
Begin: Running /scripts/init-bottom ... done.
[    6.138858] ip_tables: (C) 2000-2006 Netfilter Core Team
[    6.145639] systemd[1]: systemd 237 running in system mode. (+PAM +AUDIT +SELINUX +IMA +APPARMOR +SMACK +SYSVINIT +UTMP +LIBCRYPTSETUP +GCRYPT +GNUTLS +ACL +XZ +LZ4 +SECCOMP +BLKID +ELFUTILS +KMOD -IDN2 +IDN -PCRE2 default-hierarchy=hybrid)
[    6.149901] systemd[1]: Detected virtualization oracle.
[    6.151049] systemd[1]: Detected architecture x86-64.

Welcome to [1mUbuntu 18.04.6 LTS[0m!

[    6.155040] systemd[1]: Set hostname to <ubuntu>.
[    6.157712] systemd[1]: Initializing machine ID from random generator.
[    6.159099] systemd[1]: Installed transient /etc/machine-id file.
[    6.417804] systemd[1]: Reached target System Time Synchronized.
[[0;32m  OK  [0m] Reached target System Time Synchronized.
[    6.423562] systemd[1]: Created slice User and Session Slice.
[[0;32m  OK  [0m] Created slice User and Session Slice.
[    6.428801] systemd[1]: Set up automount Arbitrary Executable File Formats File System Automount Point.
[[0;32m  OK  [0m] Set up automount Arbitrary Executab…rmats File System Automount Point.
[    6.435188] systemd[1]: Reached target User and Group Name Lookups.
[[0;32m  OK  [0m] Reached target User and Group Name Lookups.
[[0;32m  OK  [0m] Reached target Swap.
[[0;32m  OK  [0m] Reached target Mounting snaps.
[[0;32m  OK  [0m] Started Forward Password Requests to Wall Directory Watch.
[[0;32m  OK  [0m] Created slice System Slice.
[[0;32m  OK  [0m] Reached target Slices.
[[0;32m  OK  [0m] Listening on udev Kernel Socket.
[[0;32m  OK  [0m] Listening on Device-mapper event daemon FIFOs.
[[0;32m  OK  [0m] Listening on fsck to fsckd communication Socket.
[[0;32m  OK  [0m] Listening on Journal Audit Socket.
[[0;32m  OK  [0m] Listening on LVM2 metadata daemon socket.
[[0;32m  OK  [0m] Listening on Journal Socket.
         Starting Load Kernel Modules...
         Mounting Huge Pages File System...
         Starting Set the console keyboard layout...
         Starting File System Check on Root Device...
         Starting Create list of required st…ce nodes for the current kernel...
         Starting Uncomplicated firewall...
[[0;32m  OK  [0m] Listening on Network Service Netlink Socket.
[[0;32m  OK  [0m] Listening on Syslog Socket.
[[0;32m  OK  [0m] Created slice system-serial\x2dgetty.slice.
         Mounting Kernel Debug File System...
[[0;32m  OK  [0m] Listening on /dev/initctl Compatibility Named Pipe.[    6.515748] Loading iSCSI transport class v2.0-870.

[[0;32m  OK  [0m] Reached target Mounted snaps.
[[0;32m  OK  [0m] Listening on Journal Socket (/dev/log).
         Starting Journal Service...
[[0;32m  OK  [0m] Listening on LVM2 poll daemon socket.
         Mounting POSIX Message Queue File System...
[[0;32m  OK  [0m] Listening on udev Control Socket.
         Starting udev Coldplug all Devices...
         Starting Monitoring of LVM2 mirrors…ng dmeventd or progress polling...
[[0;32m  OK  [0m] Mounted Huge Pages File System.
[[0;32m  OK  [0m[    6.569756] iscsi: registered transport (tcp)
] Started Create list of required sta…vice nodes for the current kernel.
[[0;32m  OK  [0m] Started Uncomplicated firewall.
[[0;32m  OK  [0m] Mounted Kernel Debug File System.
[[0;32m  OK  [0m] Mounted POSIX Message Queue File System.
[[0;32m  OK  [0m] Started File System Check Daemon to report status.
         Starting Create Static Device Nodes in /dev...
[[0;32m  OK  [0m] Started File System Check on Root Device.
         Starting Remount Root and Kernel File Systems...
[[0;32m  OK  [0m] Started LVM2 metadata daemon.
[[0;32m  OK  [0m] Started Journal Service.
[[0;32m  OK  [0m] Started Create Static Device Nodes in /dev.
[[0;32m  OK  [0m] Started udev Coldplug all Devices.
[    6.734489] EXT4-fs (sda1): re-mounted. Opts: (null)
[[0;32m  OK  [0m] Started Remount Root and Kernel File Systems.
         Starting Flush Journal to Persistent Storage...
         Starting Load/Save Random Seed...
         Starting udev Kernel Device Manager...
[[0;32m  OK  [0m] Started Load/Save Random Seed.
[    6.788182] systemd-journald[405]: Received request to flush runtime journal from PID 1
[[0;32m  OK  [0m] Started Monitoring of LVM2 mirrors,…sing dmeventd or progress polling.
[[0;32m  OK  [0m] Started udev Kernel Device Manager.
[    6.850282] iscsi: registered transport (iser)
[[0;32m  OK  [0m] Started Load Kernel Modules.
         Starting Apply Kernel Variables...
         Mounting FUSE Control File System...
         Mounting Kernel Configuration File System...
[[0;32m  OK  [0m] Mounted FUSE Control File System.
[[0;32m  OK  [0m] Mounted Kernel Configuration File System.
[[0;32m  OK  [0m] Started Flush Journal to Persistent Storage.
[[0;32m  OK  [0m] Started Apply Kernel Variables.
[[0;32m  OK  [0m] Found device /dev/ttyS0.
[[0;32m  OK  [0m] Listening on Load/Save RF Kill Switch Status /dev/rfkill Watch.
         Mounting Arbitrary Executable File Formats File System...
[[0;32m  OK  [0m] Mounted Arbitrary Executable File Formats File System.
[[0;32m  OK  [0m] Started Set the console keyboard layout.
[[0;32m  OK  [0m] Reached target Local File Systems (Pre).
[[0;32m  OK  [0m] Reached target Local File Systems.
         Starting AppArmor initialization...
         Starting Tell Plymouth To Write Out Runtime Data...
         Starting Commit a transient machine-id on disk...
         Starting Set console font and keymap...
         Starting ebtables ruleset management...
         Starting Create Volatile Files and Directories...
[[0;32m  OK  [0m] Started Dispatch Password Requests to Console Directory Watch.
[[0;32m  OK  [0m] Reached target Local Encrypted Volumes.
[[0;32m  OK  [0m] Started Tell Plymouth To Write Out Runtime Data.
[[0;32m  OK  [0m] Started Commit a transient machine-id on disk.
[[0;32m  OK  [0m] Started Create Volatile Files and Directories.
         Starting Update UTMP about System Boot/Shutdown...
[[0;32m  OK  [0m] Started Update UTMP about System Boot/Shutdown.
[[0;32m  OK  [0m] Started ebtables ruleset management.
[[0;32m  OK  [0m] Started AppArmor initialization.
         Starting Load AppArmor profiles managed internally by snapd...
         Starting Initial cloud-init job (pre-networking)...
[[0;32m  OK  [0m] Started Load AppArmor profiles managed internally by snapd.
[[0;32m  OK  [0m] Started Set console font and keymap.
[   14.433407] cloud-init[642]: Cloud-init v. 23.1.2-0ubuntu0~18.04.1 running 'init-local' at Mon, 28 Oct 2024 18:06:19 +0000. Up 13.87 seconds.
[[0;32m  OK  [0m] Started Initial cloud-init job (pre-networking).
[[0;32m  OK  [0m] Reached target Network (Pre).
         Starting Network Service...
[[0;32m  OK  [0m] Started Network Service.
         Starting Wait for Network to be Configured...
         Starting Network Name Resolution...
[[0;32m  OK  [0m] Started Network Name Resolution.
[[0;32m  OK  [0m] Reached target Network.
[[0;32m  OK  [0m] Reached target Host and Network Name Lookups.
[[0;32m  OK  [0m] Started Wait for Network to be Configured.
         Starting Initial cloud-init job (metadata service crawler)...
[   16.829560] cloud-init[896]: Cloud-init v. 23.1.2-0ubuntu0~18.04.1 running 'init' at Mon, 28 Oct 2024 18:06:21 +0000. Up 16.61 seconds.
[   16.838279] cloud-init[896]: ci-info: ++++++++++++++++++++++++++++++++++++++Net device info+++++++++++++++++++++++++++++++++++++++
[   16.844153] cloud-init[896]: ci-info: +--------+-------+----------------------------+---------------+--------+-------------------+
[   16.848173] cloud-init[896]: ci-info: | Device |   Up  |          Address           |      Mask     | Scope  |     Hw-Address    |
[   16.856221] cloud-init[896]: ci-info: +--------+-------+----------------------------+---------------+--------+-------------------+
[   16.864235] cloud-init[896]: ci-info: | enp0s3 |  True |         10.0.2.15          | 255.255.255.0 | global | 02:3b:7b:b7:3b:2d |
[   16.870287] cloud-init[896]: ci-info: | enp0s3 |  True | fe80::3b:7bff:feb7:3b2d/64 |       .       |  link  | 02:3b:7b:b7:3b:2d |
[   16.882573] cloud-init[896]: ci-info: | enp0s8 | False |             .              |       .       |   .    | 08:00:27:c0:d4:ee |
[   16.886461] cloud-init[896]: ci-info: |   lo   |  True |         127.0.0.1          |   255.0.0.0   |  host  |         .         |
[   16.894284] cloud-init[896]: ci-info: |   lo   |  True |          ::1/128           |       .       |  host  |         .         |
[   16.900990] cloud-init[896]: ci-info: +--------+-------+----------------------------+---------------+--------+-------------------+
[   16.908283] cloud-init[896]: ci-info: ++++++++++++++++++++++++++++Route IPv4 info+++++++++++++++++++++++++++++
[   16.912179] cloud-init[896]: ci-info: +-------+-------------+----------+-----------------+-----------+-------+
[   16.921639] cloud-init[896]: ci-info: | Route | Destination | Gateway  |     Genmask     | Interface | Flags |
[   16.928318] cloud-init[896]: ci-info: +-------+-------------+----------+-----------------+-----------+-------+
[   16.935721] cloud-init[896]: ci-info: |   0   |   0.0.0.0   | 10.0.2.2 |     0.0.0.0     |   enp0s3  |   UG  |
[   16.942367] cloud-init[896]: ci-info: |   1   |   10.0.2.0  | 0.0.0.0  |  255.255.255.0  |   enp0s3  |   U   |
[   16.948398] cloud-init[896]: ci-info: |   2   |   10.0.2.2  | 0.0.0.0  | 255.255.255.255 |   enp0s3  |   UH  |
[   16.953944] cloud-init[896]: ci-info: +-------+-------------+----------+-----------------+-----------+-------+
[   16.962376] cloud-init[896]: ci-info: +++++++++++++++++++Route IPv6 info+++++++++++++++++++
[   16.965142] cloud-init[896]: ci-info: +-------+-------------+---------+-----------+-------+
[   16.967743] cloud-init[896]: ci-info: | Route | Destination | Gateway | Interface | Flags |
[   16.981645] cloud-init[896]: ci-info: +-------+-------------+---------+-----------+-------+
[   16.984521] cloud-init[896]: ci-info: |   1   |  fe80::/64  |    ::   |   enp0s3  |   U   |
[   16.986993] cloud-init[896]: ci-info: |   3   |    local    |    ::   |   enp0s3  |   U   |
[   16.990314] cloud-init[896]: ci-info: |   4   |   ff00::/8  |    ::   |   enp0s3  |   U   |
[   16.999485] cloud-init[896]: ci-info: +-------+-------------+---------+-----------+-------+
[   17.784701] cloud-init[896]: Generating public/private rsa key pair.
[   17.787036] cloud-init[896]: Your identification has been saved in /etc/ssh/ssh_host_rsa_key.
[   17.802447] cloud-init[896]: Your public key has been saved in /etc/ssh/ssh_host_rsa_key.pub.
[   17.805445] cloud-init[896]: The key fingerprint is:
[   17.807461] cloud-init[896]: SHA256:sFKBWXcVhc+hgqJVsgaL5bvNc+93co1SeNYiPg0XRgc root@ubuntu-bionic
[   17.809058] cloud-init[896]: The key's randomart image is:
[   17.809867] cloud-init[896]: +---[RSA 2048]----+
[   17.810242] cloud-init[896]: |     +o . ..o+E. |
[   17.811244] cloud-init[896]: |    = .o..  . o .|
[   17.812190] cloud-init[896]: |   + oo+ .   = o |
[   17.816277] cloud-init[896]: |  . o.=o. . . =  |
[   17.820325] cloud-init[896]: |    .=..S  . o o |
[   17.824444] cloud-init[896]: |    o.      + * .|
[   17.828263] cloud-init[896]: |     +     . O + |
[   17.855908] cloud-init[896]: |    . + .   * = .|
[   17.857884] cloud-init[896]: |       o oo. *   |
[   17.859775] cloud-init[896]: +----[SHA256]-----+
[   17.861701] cloud-init[896]: Generating public/private dsa key pair.
[   17.871802] cloud-init[896]: Your identification has been saved in /etc/ssh/ssh_host_dsa_key.
[   17.874468] cloud-init[896]: Your public key has been saved in /etc/ssh/ssh_host_dsa_key.pub.
[   17.877487] cloud-init[896]: The key fingerprint is:
[   17.893835] cloud-init[896]: SHA256:kByLvroA3wAm9UlE56Oi1Qtj/C367WDKeFOD7+YH0+4 root@ubuntu-bionic
[   17.896911] cloud-init[896]: The key's randomart image is:
[   17.898852] cloud-init[896]: +---[DSA 1024]----+
[   17.900816] cloud-init[896]: |  .o+ o          |
[   17.902310] cloud-init[896]: | . o * +         |
[   17.904308] cloud-init[896]: |o.  + B          |
[   17.906198] cloud-init[896]: |oo o . o         |
[   17.912183] cloud-init[896]: |. O.+.  S        |
[   17.914089] cloud-init[896]: |.=.B=+.          |
[   17.920547] cloud-init[896]: |o .oO=.          |
[   17.922866] cloud-init[896]: | +o=o+o          |[[0;32m  OK  [0m] Started Initial cloud-init job (metadata service crawler).

[   17.928360] cloud-init[896]: |..*B++E          |
[   17.929675] cloud-init[896]: +----[SHA256]-----+
[   17.931477] cloud-init[[0;32m  OK  [0m] Reached target Network is Online.
[896]: Generating public/private ecdsa key pair.         Starting Availability of block devices...
[[0;32m  OK  [0m] 
[   17.940704] cloud-init[896]: Your identification has been saved in /etc/ssh/ssh_host_ecdsa_key.
[   17.943161] cloud-init[896]: Reached target Remote File Systems (Pre).
[[0;32m  OK  [0m] Reached target Remote File Systems.
[[0;32m  OK  [0m] Reached target System Initialization.
[[0;32m  OK  [0m] Listening on UUID daemon activation socket.
[Your public key has been saved in /etc/ssh/ssh_host_ecdsa_key.pub.
[0;32m  OK  [0m] Started Discard unused blocks once a week.
[[0;32m  OK  [0m] Started ACPI Events Check.
[   17.964353]          Starting LXD - unix socket.
[[0;32m  OK  [0m] Started Ubuntu Advantage Timer for running repeated jobs.cloud-init[896]: The key fingerprint is:
[   17.985989] cloud-init[896]: SHA256:T9FR6eB5zWmU+T/jCf5xL4xsHgHcWM9wx0o3dacj4Vs root@ubuntu-bionic
[[0;32m  OK  [0m] Listening on Open-iSCSI iscsid Socket.
[[0;32m  OK  [0m] Reached target Paths.
         Starting Socket activation for snappy daemon.
[[0;32m  OK  [0m] 
[   18.001567] cloud-init[896]: The key's randomart image is:
[   18.003608] cloud-initListening on D-Bus System Message Bus Socket.
[[0;32m  OK  [0m] Started Daily apt download activities.
[[0;32m  OK  [0m] Listening on cloud-init hotplug hook socket.
[[0;32m  OK  [0m[896]: +---[ECDSA 256]---+
[   18.017483] cloud-init[896]: |            =.ooO|
[   18.019453] cloud-init] Started Message of the Day.
[[0;32m  OK  [0m] Started Daily Cleanup of Temporary Directories.
[[0;32m  OK  [0m] Started Daily apt upgrade and clean activities.
[[0;32m  OK  [0m] Reached target Timers.
[[0;32m  OK  [0m] Listening on ACPID Listen Socket.[896]: |         . *.BoB=|
[   18.034529] cloud-init[896]: |          =.==E=+|

[[0;32m  OK  [0m] Reached target Cloud-config availability.
[[0;32m  OK  [0m] Started Availability of block devices.
[[0;32m  OK  [0m] Listening on LXD - unix socket.
[   18.044578] cloud-init[896]: |           oo++++|
[   18.050445] cloud-init[896]: |        S . o.. .|
[[0;32m  OK  [0m] Listening on Socket activation for snappy daemon.
[[0;32m  OK  [0m] Reached target Sockets.
[[0;32m  OK  [0m] Reached target Basic System.[   18.061136] cloud-init[896]: |         o   o o.|
[   18.062482] cloud-init[896]: |          ..ooo.=|

[[0;32m  OK  [0m] Started Deferred execution scheduler.
[[0;32m  OK  [0m] Reached target Login Prompts (Pre).
         Starting Accounts Service...
[   18.078331] cloud-init         Starting Permit User Sessions...
[896]: |            +ooo+|
         Starting LSB: Record successful boot for GRUB...
         Starting Virtualbox guest utils...
[   18.092913] cloud-init[896]: |           o. .o.|
[   18.106412] cloud-init[896]: +----[SHA256]-----+
[   18.112689] cloud-init[896]: Generating public/private ed25519 key pair.
[   18.128358] cloud-init[896]: Your identification has been saved in /etc/ssh/ssh_host_ed25519_key.         Starting Dispatcher daemon for systemd-networkd...
         Starting System Logging Service...
         Starting Login Service...
[[0;32m  OK  [0m] Started FUSE filesystem for LXC.

[   18.185648] cloud-init[896]: Your public key has been saved in /etc/ssh/ssh_host_ed25519_key.pub.
[   18.198168] cloud-init[896]: The key fingerprint is:[[0;32m  OK  [0m] Started irqbalance daemon.

[   18.207297] cloud-init[896]: SHA256:dQVexTCNTXD8VupqZ0IqeufQSYFy8zCOJeCGl1MlQ5Q root@ubuntu-bionic
[   18.221394] cloud-init[896]: The key's randomart image is:
[   18.231409] cloud-init[896]: +--[ED25519 256]--+
[   18.237231] cloud-init[[0;32m  OK  [0m] Started Regular background program processing daemon.
[896]:          Starting Pollinate to seed the pseudo random number generator...
|    .o*o.   ..*@+|
[   18.257974] cloud-init[896]: |   o +Eo . . o.o*|
         Starting Snap Daemon...
[   18.269035]          Starting LSB: automatic crash report generation...cloud-init
[[0;32m  OK  [0m] Started D-Bus System Message Bus.
[896]: |  . * o B o o  .o|
[   18.328288] cloud-init[896]: |   o . B * o  . o|
[   18.337831] cloud-init[896]: |      . S o  . . |
[   18.345144] cloud-init[896]: |         o .. .  |
[   18.354363] cloud-init[896]: |        . oo .   |
[   18.361236] cloud-init[896]: |        o.o + o  |
[[0;32m  OK  [0m] Started Login Service.
[[0;32m  OK  [0m] Started Unattended Upgrades Shutdown.
         Starting LXD - container startup/shutdown...
[[0;32m  OK  [0m] Started System Logging Service.
[[0;32m  OK  [0m] Started Permit User Sessions.
[   18.403524] cloud-init[896]: |      .o +.. +   |
         Starting Terminate Plymouth Boot Screen...
         Starting Hold until boot process finishes up...
[[0;32m  OK  [0m] Started Hold until boot process finishes up.
[[0;32m  OK  [0m] Started Serial Getty on ttyS0.
         Starting Set console scheme...
[[0;32m  OK  [0m] Started Terminate Plymouth Boot Screen.
[   18.492745] cloud-init[896]: +----[SHA256]-----+
[[0;32m  OK  [0m] Started Set console scheme.
[[0;32m  OK  [0m] Created slice system-getty.slice.
[[0;32m  OK  [0m] Started Getty on tty1.
[[0;32m  OK  [0m] Reached target Login Prompts.
         Starting Authorization Manager...
[[0;32m  OK  [0m] Started LSB: automatic crash report generation.
[[0;32m  OK  [0m] Started LSB: Record successful boot for GRUB.
[[0;32m  OK  [0m] Started Authorization Manager.
[[0;32m  OK  [0m] Started Accounts Service.
[[0;32m  OK  [0m] Started Virtualbox guest utils.
[[0;32m  OK  [0m] Started LXD - container startup/shutdown.
[[0;32m  OK  [0m] Started Dispatcher daemon for systemd-networkd.
[[0;32m  OK  [0m] Started Snap Daemon.
         Starting Wait until snapd is fully seeded...
[[0;32m  OK  [0m] Started Pollinate to seed the pseudo random number generator.
         Starting OpenBSD Secure Shell server...
[[0;32m  OK  [0m] Started OpenBSD Secure Shell server.
[[0;32m  OK  [0m] Created slice User Slice of vagrant.
         Starting User Manager for UID 1000...
[[0;32m  OK  [0m] Started Session 1 of user vagrant.
[[0;32m  OK  [0m] Started User Manager for UID 1000.
         Starting Time & Date Service...
[[0;32m  OK  [0m] Started Time & Date Service.
[[0;32m  OK  [0m] Started Wait until snapd is fully seeded.
         Starting Apply the settings specified in cloud-config...

Ubuntu 18.04.6 LTS ubuntu-bionic ttyS0

ubuntu-bionic login: [   25.259760] cloud-init[1402]: Cloud-init v. 23.1.2-0ubuntu0~18.04.1 running 'modules:config' at Mon, 28 Oct 2024 18:06:29 +0000. Up 24.34 seconds.
ci-info: no authorized SSH keys fingerprints found for user ubuntu.
<14>Oct 28 18:06:31 cloud-init: #############################################################
<14>Oct 28 18:06:31 cloud-init: -----BEGIN SSH HOST KEY FINGERPRINTS-----
<14>Oct 28 18:06:31 cloud-init: 1024 SHA256:kByLvroA3wAm9UlE56Oi1Qtj/C367WDKeFOD7+YH0+4 root@ubuntu-bionic (DSA)
<14>Oct 28 18:06:31 cloud-init: 256 SHA256:T9FR6eB5zWmU+T/jCf5xL4xsHgHcWM9wx0o3dacj4Vs root@ubuntu-bionic (ECDSA)
<14>Oct 28 18:06:31 cloud-init: 256 SHA256:dQVexTCNTXD8VupqZ0IqeufQSYFy8zCOJeCGl1MlQ5Q root@ubuntu-bionic (ED25519)
<14>Oct 28 18:06:31 cloud-init: 2048 SHA256:sFKBWXcVhc+hgqJVsgaL5bvNc+93co1SeNYiPg0XRgc root@ubuntu-bionic (RSA)
<14>Oct 28 18:06:31 cloud-init: -----END SSH HOST KEY FINGERPRINTS-----
<14>Oct 28 18:06:31 cloud-init: #############################################################
-----BEGIN SSH HOST KEY KEYS-----
ecdsa-sha2-nistp256 AAAAE2VjZHNhLXNoYTItbmlzdHAyNTYAAAAIbmlzdHAyNTYAAABBBBEq9svAKhipdmSkWF4KxyX4Dps2Oe7N31WVgjySHdnIzz+2OrfRx0awLdz2fMhRgK4z0qerd4ZdqHwkf9RQufc= root@ubuntu-bionic
ssh-ed25519 AAAAC3NzaC1lZDI1NTE5AAAAIMIBJljYvY56A4/wFRieAPBrhmPtouD7h3fzBC8gGCFJ root@ubuntu-bionic
ssh-rsa AAAAB3NzaC1yc2EAAAADAQABAAABAQDGbbZjdgou6A8TmCWJW8uwtRjYQyq3dUKeIFpYqzk2AAeXSo6sQxQ8fmHb1DPVCGkJ8VZ2mAEd7tPDjmXsfxKiftolBs1uMlSUUT6uoA8lRrAljUOPEZEcSOuuZeeLiR1nAJ5Moq9aNNQK7YhItNp19ipJ1q5BSl7tMqweH5EIvSrfnbnJ+zSpjmiQfFNuxJp6vcQePILDz9ZOINy0wmB1FgJBgOecB7rrBoHsIKVXZwwof36QkCsxHnLPUAMu20mon5/x+2W3WqbnfVevqa266F/xJXNN0EDmx4uR/Uz+Uqu2M9RplusjlZLvDP12hyrggxo1KCq7j4d+qmTIqIEN root@ubuntu-bionic
-----END SSH HOST KEY KEYS-----
[   26.798050] cloud-init[1553]: Cloud-init v. 23.1.2-0ubuntu0~18.04.1 running 'modules:final' at Mon, 28 Oct 2024 18:06:31 +0000. Up 26.42 seconds.
[   26.804539] cloud-init[1553]: Cloud-init v. 23.1.2-0ubuntu0~18.04.1 finished at Mon, 28 Oct 2024 18:06:31 +0000. Datasource DataSourceNoCloud [seed=/dev/sdb][dsmode=net].  Up 26.78 seconds
[[0;32m  OK  [0m] Stopped Unattended Upgrades Shutdown.
[[0;32m  OK  [0m] Stopped target Timers.
[[0;32m  OK  [0m] Stopped Daily apt upgrade and clean activities.
[[0;32m  OK  [0m] Stopped Daily apt download activities.
[[0;32m  OK  [0m] Closed Load/Save RF Kill Switch Status /dev/rfkill Watch.
[[0;32m  OK  [0m] Stopped Discard unused blocks once a week.
[[0;32m  OK  [0m] Stopped Message of the Day.
[[0;32m  OK  [0m] Stopped target System Time Synchronized.
[[0;32m  OK  [0m] Stopped Daily Cleanup of Temporary Directories.
[[0;32m  OK  [0m] Stopped target Cloud-init target.
[[0;32m  OK  [0m] Stopped Execute cloud user/final scripts.
         Stopping Availability of block devices...
         Stopping User Manager for UID 1000...
         Stopping Session 7 of user vagrant.
         Stopping Authorization Manager...
[[0;32m  OK  [0m] Stopped target Graphical Interface.
[[0;32m  OK  [0m] Stopped target Multi-User System.
         Stopping D-Bus System Message Bus...
         Stopping LSB: Record successful boot for GRUB...
         Stopping LXD - container startup/shutdown...
         Stopping FUSE filesystem for LXC...
         Stopping System Logging Service...
         Stopping Dispatcher daemon for systemd-networkd...
[[0;32m  OK  [0m] Stopped target Login Prompts.
         Stopping Serial Getty on ttyS0...
         Stopping Getty on tty1...
         Stopping Deferred execution scheduler...
         Stopping OpenBSD Secure Shell server...
         Stopping LSB: automatic crash report generation...
         Stopping Regular background program processing daemon...
         Stopping Accounts Service...
[[0;32m  OK  [0m] Stopped Apply the settings specified in cloud-config.
[[0;32m  OK  [0m] Stopped Wait until snapd is fully seeded.
[[0;32m  OK  [0m] Stopped target Cloud-config availability.
[[0;32m  OK  [0m] Stopped Ubuntu Advantage Timer for running repeated jobs.
         Stopping Virtualbox guest utils...
         Stopping The Apache HTTP Server...
[[0;32m  OK  [0m] Unmounted /var/lib/lxcfs.
[[0;32m  OK  [0m] Stopped Deferred execution scheduler.
[[0;32m  OK  [0m] Stopped Accounts Service.
[[0;32m  OK  [0m] Stopped Dispatcher daemon for systemd-networkd.
[[0;32m  OK  [0m] Stopped System Logging Service.
[[0;32m  OK  [0m] Stopped Regular background program processing daemon.
[[0;32m  OK  [0m] Stopped Serial Getty on ttyS0.
[[0;32m  OK  [0m] Stopped Getty on tty1.
[[0;32m  OK  [0m] Stopped Authorization Manager.
[[0;32m  OK  [0m] Stopped OpenBSD Secure Shell server.
[[0;32m  OK  [0m] Stopped User Manager for UID 1000.
[[0;32m  OK  [0m] Stopped D-Bus System Message Bus.
[[0;32m  OK  [0m] Stopped FUSE filesystem for LXC.
[[0;32m  OK  [0m] Stopped Session 7 of user vagrant.
[[0;32m  OK  [0m] Stopped Availability of block devices.
[[0;32m  OK  [0m] Removed slice User Slice of vagrant.
         Stopping Login Service...
[[0;32m  OK  [0m] Removed slice system-getty.slice.
[[0;32m  OK  [0m] Removed slice system-serial\x2dgetty.slice.
[[0;32m  OK  [0m] Stopped target Login Prompts (Pre).
         Stopping Permit User Sessions...
[[0;32m  OK  [0m] Stopped Login Service.
[[0;32m  OK  [0m] Stopped LXD - container startup/shutdown.
[[0;32m  OK  [0m] Stopped The Apache HTTP Server.
[[0;32m  OK  [0m] Stopped target Host and Network Name Lookups.
[[0;32m  OK  [0m] Stopped Permit User Sessions.
[[0;32m  OK  [0m] Stopped target User and Group Name Lookups.
[[0;32m  OK  [0m] Stopped LSB: Record successful boot for GRUB.
[[0;32m  OK  [0m] Stopped LSB: automatic crash report generation.
[[0;32m  OK  [0m] Stopped target Remote File Systems.
         Unmounting /var/www/html...
         Unmounting /vagrant...
[[0;32m  OK  [0m] Unmounted /vagrant.
[[0;32m  OK  [0m] Stopped Virtualbox guest utils.
[[0;32m  OK  [0m] Unmounted /var/www/html.
[[0;32m  OK  [0m] Stopped target Remote File Systems (Pre).
[[0;32m  OK  [0m] Stopped target Network is Online.
[[0;32m  OK  [0m] Stopped target Network.
         Stopping Network Name Resolution...
[[0;32m  OK  [0m] Stopped target Basic System.
[[0;32m  OK  [0m] Stopped target Sockets.
[[0;32m  OK  [0m] Closed cloud-init hotplug hook socket.
[[0;32m  OK  [0m] Closed UUID daemon activation socket.
[[0;32m  OK  [0m] Closed ACPID Listen Socket.
[[0;32m  OK  [0m] Closed LXD - unix socket.
[[0;32m  OK  [0m] Closed D-Bus System Message Bus Socket.
[[0;32m  OK  [0m] Closed Socket activation for snappy daemon.
[[0;32m  OK  [0m] Closed Syslog Socket.
[[0;32m  OK  [0m] Closed Open-iSCSI iscsid Socket.
[[0;32m  OK  [0m] Stopped target Slices.
[[0;32m  OK  [0m] Removed slice User and Session Slice.
[[0;32m  OK  [0m] Stopped target Paths.
[[0;32m  OK  [0m] Stopped ACPI Events Check.
[[0;32m  OK  [0m] Stopped target System Initialization.
[[0;32m  OK  [0m] Stopped Initial cloud-init job (metadata service crawler).
         Stopping Update UTMP about System Boot/Shutdown...
         Stopping Load/Save Random Seed...
[[0;32m  OK  [0m] Stopped Commit a transient machine-id on disk.
[[0;32m  OK  [0m] Stopped target Local Encrypted Volumes.
[[0;32m  OK  [0m] Stopped Forward Password Requests to Wall Directory Watch.
[[0;32m  OK  [0m] Stopped Dispatch Password Requests to Console Directory Watch.
[[0;32m  OK  [0m] Stopped Network Name Resolution.
[[0;32m  OK  [0m] Stopped Load/Save Random Seed.
         Stopping Network Service...
[[0;32m  OK  [0m] Stopped Update UTMP about System Boot/Shutdown.
[[0;32m  OK  [0m] Stopped Create Volatile Files and Directories.
[[0;32m  OK  [0m] Stopped target Local File Systems.
         Unmounting /run/user/1000...
[[0;32m  OK  [0m] Stopped target Mounted snaps.
[[0;32m  OK  [0m] Stopped target Mounting snaps.
[[0;32m  OK  [0m] Unmounted /run/user/1000.
[[0;32m  OK  [0m] Stopped Network Service.
[[0;32m  OK  [0m] Stopped Apply Kernel Variables.
[[0;32m  OK  [0m] Stopped Load Kernel Modules.
[[0;32m  OK  [0m] Stopped target Network (Pre).
[[0;32m  OK  [0m] Stopped Initial cloud-init job (pre-networking).
[[0;32m  OK  [0m] Reached target Unmount All Filesystems.
[[0;32m  OK  [0m] Stopped target Swap.
[[0;32m  OK  [0m] Stopped target Local File Systems (Pre).
[[0;32m  OK  [0m] Stopped Create Static Device Nodes in /dev.
         Stopping Monitoring of LVM2 mirrors…ng dmeventd or progress polling...
[[0;32m  OK  [0m] Stopped Remount Root and Kernel File Systems.
[[0;32m  OK  [0m] Reached target Shutdown.
[[0;32m  OK  [0m] Reached target Final Step.
         Starting Power-Off...
[  304.442582] reboot: Power down
